<?xml version="1.0" encoding="UTF-8"?>
<testsuite name="AI知识-意图"
           tests="2"
           failures="0"
           errors="0"
           skipped="0"
           time="0.778">
  <properties />
  
  
            <testcase name="createIntentionCategory" time="0.297" classname="httpapi.AIkonwledge.intentions.PublicIntentionCategoryCreateEditDelete" />
                <testcase name="createIntentionCategory" time="0.481" classname="httpapi.AIkonwledge.intentions.PublicIntentionCategoryCreateEditDelete" />
      
</testsuite>
