<?xml version="1.0" encoding="UTF-8"?>
<testsuite name="AI知识-意图"
           tests="2"
           failures="0"
           errors="0"
           skipped="0"
           time="0.616">
  <properties />
  
  
            <testcase name="editIntentionCategory" time="0.272" classname="httpapi.AIkonwledge.intentions.PublicIntentionCategoryEdit" />
                <testcase name="editIntentionCategory" time="0.344" classname="httpapi.AIkonwledge.intentions.PublicIntentionCategoryEdit" />
      
</testsuite>
