<?xml version="1.0" encoding="UTF-8"?>
<testsuite name="AI知识-意图"
           tests="6"
           failures="0"
           errors="0"
           skipped="0"
           time="2.281">
  <properties />
  
  
            <testcase name="deleteIntentionCategory" time="0.483" classname="httpapi.AIkonwledge.intentions.PublicIntentionCategoryCreateEditDelete" />
                <testcase name="createIntentionCategory" time="0.353" classname="httpapi.AIkonwledge.intentions.PublicIntentionCategoryCreateEditDelete" />
                <testcase name="editIntentionCategory" time="0.386" classname="httpapi.AIkonwledge.intentions.PublicIntentionCategoryCreateEditDelete" />
                <testcase name="deleteIntentionCategory" time="0.304" classname="httpapi.AIkonwledge.intentions.PublicIntentionCategoryCreateEditDelete" />
                <testcase name="createIntentionCategory" time="0.422" classname="httpapi.AIkonwledge.intentions.PublicIntentionCategoryCreateEditDelete" />
                <testcase name="editIntentionCategory" time="0.333" classname="httpapi.AIkonwledge.intentions.PublicIntentionCategoryCreateEditDelete" />
      
</testsuite>
