<?xml version="1.0" encoding="UTF-8"?>
<testsuite name="AI知识-意图"
           tests="3"
           failures="0"
           errors="0"
           skipped="0"
           time="0.472">
  <properties />
  
  
            <testcase name="loginTest" time="0.139" classname="httpapi.AIkonwledge.intentions.Login" />
                <testcase name="loginTest" time="0.132" classname="httpapi.AIkonwledge.intentions.Login" />
                <testcase name="loginTest" time="0.201" classname="httpapi.AIkonwledge.intentions.Login" />
      
</testsuite>
